<component name="libraryTable">
  <library name="junit-dep-4.9">
    <CLASSES>
      <root url="jar://$USER_HOME$/Downloads/junit-dep-4.9.jar!/" />
    </CLASSES>
    <JAVADOC />
    <SOURCES />
  </library>
</component>